<?xml version="1.0" encoding="UTF-8" ?>
<testsuite tests="1" failures="0" name="com.learning.java17.AppTest" time="0.006" errors="0" skipped="0">
  <properties>
    <property name="java.runtime.name" value="OpenJDK Runtime Environment"/>
    <property name="java.vm.version" value="17+35-2724"/>
    <property name="sun.boot.library.path" value="C:\Users\balavign\Bala Storage Development Space\Project Software Installation\Open Jdk 17\jdk-17\bin"/>
    <property name="maven.multiModuleProjectDirectory" value="C:\Users\balavign\Bala Storage Development Space\MyCodeSpace\Java17"/>
    <property name="java.vm.vendor" value="Oracle Corporation"/>
    <property name="java.vendor.url" value="https://java.oracle.com/"/>
    <property name="guice.disable.misplaced.annotation.check" value="true"/>
    <property name="path.separator" value=";"/>
    <property name="java.vm.name" value="OpenJDK 64-Bit Server VM"/>
    <property name="sun.os.patch.level" value=""/>
    <property name="user.script" value=""/>
    <property name="user.country" value="US"/>
    <property name="sun.java.launcher" value="SUN_STANDARD"/>
    <property name="java.vm.specification.name" value="Java Virtual Machine Specification"/>
    <property name="user.dir" value="C:\Users\balavign\Bala Storage Development Space\MyCodeSpace\Java17"/>
    <property name="java.vm.compressedOopsMode" value="Zero based"/>
    <property name="java.runtime.version" value="17+35-2724"/>
    <property name="os.arch" value="amd64"/>
    <property name="java.io.tmpdir" value="C:\Users\balavign\AppData\Local\Temp\"/>
    <property name="line.separator" value="
"/>
    <property name="java.vm.specification.vendor" value="Oracle Corporation"/>
    <property name="user.variant" value=""/>
    <property name="os.name" value="Windows 10"/>
    <property name="classworlds.conf" value="C:\Users\balavign\Bala Storage Development Space\Project Software Installation\apache-maven-3.8.7\bin\m2.conf"/>
    <property name="sun.jnu.encoding" value="Cp1252"/>
    <property name="java.library.path" value="C:\Users\balavign\Bala Storage Development Space\Project Software Installation\Open Jdk 17\jdk-17\bin;C:\WINDOWS\Sun\Java\bin;C:\WINDOWS\system32;C:\WINDOWS;C:\Users\balavign\Bala Storage Development Space\Project Software Installation\Open Jdk 17\jdk-17\bin;C:\Program Files\Common Files\Oracle\Java\javapath;C:\WINDOWS\system32;C:\WINDOWS;C:\WINDOWS\System32\Wbem;C:\WINDOWS\System32\WindowsPowerShell\v1.0\;C:\WINDOWS\System32\OpenSSH\;C:\Program Files\Meld\;C:\ProgramData\chocolatey\bin;C:\Users\balavign\AppData\Roaming\nvm;C:\Program Files\nodejs;C:\Program Files (x86)\nodejs\;C:\Program Files\Docker\Docker\resources\bin;C:\Program Files\TortoiseGit\bin;C:\Program Files\Perforce\;C:\Users\balavign\AppData\Local\Programs\Python\Python312\Scripts\;C:\Users\balavign\AppData\Local\Programs\Python\Python312\;C:\Users\balavign\AppData\Local\Microsoft\WindowsApps;C:\Users\balavign\Bala Storage Development Space\Project Software Installation\Open Jdk 17\jdk-17\bin;C:\Users\balavign\Bala Storage Development Space\Project Software Installation\Microsoft VS Code\bin;C:\Users\balavign\AppData\Roaming\nvm;C:\Program Files\nodejs;C:\Users\balavign\Bala Storage Development Space\Project Software Installation\apache-maven-3.8.7\bin;C:\Program Files\nodejs\;C:\Users\balavign\AppData\Roaming\npm;C:\Users\balavign\Bala Storage Development Space\Project Software Installation\jq;C:\Users\balavign\Bala Storage Development Space\Project Software Installation\IntelliJ IDEA Community Edition 2023.3.4\bin;;;."/>
    <property name="maven.conf" value="C:\Users\balavign\Bala Storage Development Space\Project Software Installation\apache-maven-3.8.7/conf"/>
    <property name="jdk.debug" value="release"/>
    <property name="java.class.version" value="61.0"/>
    <property name="java.specification.name" value="Java Platform API Specification"/>
    <property name="sun.management.compiler" value="HotSpot 64-Bit Tiered Compilers"/>
    <property name="os.version" value="10.0"/>
    <property name="library.jansi.path" value="C:\Users\balavign\Bala Storage Development Space\Project Software Installation\apache-maven-3.8.7\lib\jansi-native"/>
    <property name="user.home" value="C:\Users\balavign"/>
    <property name="user.timezone" value="Asia/Calcutta"/>
    <property name="file.encoding" value="Cp1252"/>
    <property name="java.specification.version" value="17"/>
    <property name="user.name" value="balavign"/>
    <property name="java.class.path" value="C:\Users\balavign\Bala Storage Development Space\Project Software Installation\apache-maven-3.8.7\boot\plexus-classworlds-2.6.0.jar"/>
    <property name="java.vm.specification.version" value="17"/>
    <property name="sun.arch.data.model" value="64"/>
    <property name="sun.java.command" value="org.codehaus.plexus.classworlds.launcher.Launcher clean generate-sources install -U package -f c:\Users\balavign\Bala Storage Development Space\MyCodeSpace\Java17\java17\pom.xml"/>
    <property name="java.home" value="C:\Users\balavign\Bala Storage Development Space\Project Software Installation\Open Jdk 17\jdk-17"/>
    <property name="user.language" value="en"/>
    <property name="java.specification.vendor" value="Oracle Corporation"/>
    <property name="java.vm.info" value="mixed mode, sharing"/>
    <property name="java.version" value="17"/>
    <property name="native.encoding" value="Cp1252"/>
    <property name="java.vendor" value="Oracle Corporation"/>
    <property name="sun.stderr.encoding" value="cp437"/>
    <property name="maven.home" value="C:\Users\balavign\Bala Storage Development Space\Project Software Installation\apache-maven-3.8.7"/>
    <property name="file.separator" value="\"/>
    <property name="java.version.date" value="2021-09-14"/>
    <property name="java.vendor.url.bug" value="https://bugreport.java.com/bugreport/"/>
    <property name="sun.io.unicode.encoding" value="UnicodeLittle"/>
    <property name="sun.cpu.endian" value="little"/>
    <property name="sun.stdout.encoding" value="cp437"/>
    <property name="sun.cpu.isalist" value="amd64"/>
  </properties>
  <testcase classname="com.learning.java17.AppTest" name="testApp" time="0.006"/>
</testsuite>